<?xml version="1.0" encoding="UTF-8"?>
<!-- Generated by org.testng.reporters.JUnitReportReporter -->
<testsuite hostname="LAPTOP-NJMGFC1R" failures="0" tests="2" name="test.TestPageObject" time="19.704" errors="0" timestamp="2023-01-07T09:34:15 IST" skipped="0">
  <testcase classname="test.TestPageObject" name="test1" time="9.370"/>
  <system-out>
    <![CDATA[<br/><p><img width='612' src='C:\Users\tzion\OneDrive\שולחן העבודה\NewWorkspace\FinalProject4\07_01_2023_09_34_11_image.png'></p>]]>
  </system-out>
  <testcase classname="test.TestPageObject" name="test1" time="10.334"/>
  <system-out>
    <![CDATA[<br/><p><img width='612' src='C:\Users\tzion\OneDrive\שולחן העבודה\NewWorkspace\FinalProject4\07_01_2023_09_34_02_image.png'></p>]]>
  </system-out>
</testsuite> <!-- test.TestPageObject -->
